# JRE version: Java(TM) SE Runtime Environment 18.9 (11.0.11+9) (build 11.0.11+9-LTS-194)
# Java VM: Java HotSpot(TM) 64-Bit Server VM 18.9 (11.0.11+9-LTS-194, mixed mode, tiered, compressed oops, g1 gc, bsd-amd64)
Heap:
 garbage-first heap   total 131072K, used 34528K [0x0000000780000000, 0x0000000800000000)
  region size 1024K, 26 young (26624K), 6 survivors (6144K)
 Metaspace       used 28969K, capacity 30137K, committed 30256K, reserved 1075200K
  class space    used 3666K, capacity 4166K, committed 4224K, reserved 1048576K
GC Heap History (8 events):
Event: 0.795 GC heap before
{Heap before GC invocations=0 (full 0):
 garbage-first heap   total 131072K, used 14336K [0x0000000780000000, 0x0000000800000000)
  region size 1024K, 14 young (14336K), 0 survivors (0K)
 Metaspace       used 8964K, capacity 9269K, committed 9472K, reserved 1058816K
  class space    used 885K, capacity 987K, committed 1024K, reserved 1048576K
}
Event: 0.798 GC heap after
{Heap after GC invocations=1 (full 0):
 garbage-first heap   total 131072K, used 3002K [0x0000000780000000, 0x0000000800000000)
  region size 1024K, 2 young (2048K), 2 survivors (2048K)
 Metaspace       used 8964K, capacity 9269K, committed 9472K, reserved 1058816K
  class space    used 885K, capacity 987K, committed 1024K, reserved 1048576K
}
Event: 1.705 GC heap before
{Heap before GC invocations=1 (full 0):
 garbage-first heap   total 131072K, used 14266K [0x0000000780000000, 0x0000000800000000)
  region size 1024K, 14 young (14336K), 2 survivors (2048K)
 Metaspace       used 14004K, capacity 14444K, committed 14848K, reserved 1062912K
  class space    used 1507K, capacity 1692K, committed 1792K, reserved 1048576K
}
Event: 1.707 GC heap after
{Heap after GC invocations=2 (full 0):
 garbage-first heap   total 131072K, used 4475K [0x0000000780000000, 0x0000000800000000)
  region size 1024K, 2 young (2048K), 2 survivors (2048K)
 Metaspace       used 14004K, capacity 14444K, committed 14848K, reserved 1062912K
  class space    used 1507K, capacity 1692K, committed 1792K, reserved 1048576K
}
Event: 2.448 GC heap before
{Heap before GC invocations=2 (full 0):
 garbage-first heap   total 131072K, used 23931K [0x0000000780000000, 0x0000000800000000)
  region size 1024K, 23 young (23552K), 2 survivors (2048K)
 Metaspace       used 20457K, capacity 21103K, committed 21296K, reserved 1069056K
  class space    used 2441K, capacity 2682K, committed 2688K, reserved 1048576K
}
Event: 2.455 GC heap after
{Heap after GC invocations=3 (full 0):
 garbage-first heap   total 131072K, used 7504K [0x0000000780000000, 0x0000000800000000)
  region size 1024K, 5 young (5120K), 5 survivors (5120K)
 Metaspace       used 20457K, capacity 21103K, committed 21296K, reserved 1069056K
  class space    used 2441K, capacity 2682K, committed 2688K, reserved 1048576K
}
Event: 18.843 GC heap before
{Heap before GC invocations=4 (full 0):
 garbage-first heap   total 131072K, used 46416K [0x0000000780000000, 0x0000000800000000)
  region size 1024K, 41 young (41984K), 5 survivors (5120K)
 Metaspace       used 27446K, capacity 28598K, committed 28848K, reserved 1075200K
  class space    used 3523K, capacity 4022K, committed 4096K, reserved 1048576K
}
Event: 18.864 GC heap after
{Heap after GC invocations=5 (full 0):
 garbage-first heap   total 131072K, used 15072K [0x0000000780000000, 0x0000000800000000)
  region size 1024K, 6 young (6144K), 6 survivors (6144K)
 Metaspace       used 27446K, capacity 28598K, committed 28848K, reserved 1075200K
  class space    used 3523K, capacity 4022K, committed 4096K, reserved 1048576K
}

